h:\bit year 2 semester 2\c++\nexus\nexus\nexus\nexus\debug\vc120.pdb
h:\bit year 2 semester 2\c++\nexus\nexus\nexus\nexus\debug\stdafx.obj
h:\bit year 2 semester 2\c++\nexus\nexus\nexus\nexus\debug\nexus.obj
h:\bit year 2 semester 2\c++\nexus\nexus\nexus\nexus\debug\game.obj
h:\bit year 2 semester 2\c++\nexus\nexus\nexus\nexus\debug\assemblyinfo.obj
h:\bit year 2 semester 2\c++\nexus\nexus\nexus\nexus\debug\.netframework,version=v4.0.assemblyattributes.obj
h:\bit year 2 semester 2\c++\nexus\nexus\nexus\nexus\debug\nexus.form1.resources
h:\bit year 2 semester 2\c++\nexus\nexus\nexus\nexus\debug\nexus.vcxproj.generateresource.cache
h:\bit year 2 semester 2\c++\nexus\nexus\nexus\nexus\debug\app.res
h:\bit year 2 semester 2\c++\nexus\nexus\nexus\nexus\debug\nexus.pch
h:\bit year 2 semester 2\c++\nexus\nexus\nexus\debug\nexus.pdb
h:\bit year 2 semester 2\c++\nexus\nexus\nexus\nexus\debug\nexus.tlog\cl.command.1.tlog
h:\bit year 2 semester 2\c++\nexus\nexus\nexus\nexus\debug\nexus.tlog\cl.read.1.tlog
h:\bit year 2 semester 2\c++\nexus\nexus\nexus\nexus\debug\nexus.tlog\cl.write.1.tlog
h:\bit year 2 semester 2\c++\nexus\nexus\nexus\nexus\debug\nexus.tlog\link.12892-cvtres.read.1.tlog
h:\bit year 2 semester 2\c++\nexus\nexus\nexus\nexus\debug\nexus.tlog\link.12892-cvtres.write.1.tlog
h:\bit year 2 semester 2\c++\nexus\nexus\nexus\nexus\debug\nexus.tlog\link.12892-rc.read.1.tlog
h:\bit year 2 semester 2\c++\nexus\nexus\nexus\nexus\debug\nexus.tlog\link.12892-rc.write.1.tlog
h:\bit year 2 semester 2\c++\nexus\nexus\nexus\nexus\debug\nexus.tlog\link.12892.read.1.tlog
h:\bit year 2 semester 2\c++\nexus\nexus\nexus\nexus\debug\nexus.tlog\link.12892.write.1.tlog
h:\bit year 2 semester 2\c++\nexus\nexus\nexus\nexus\debug\nexus.tlog\link.command.1.tlog
h:\bit year 2 semester 2\c++\nexus\nexus\nexus\nexus\debug\nexus.tlog\link.read.1.tlog
h:\bit year 2 semester 2\c++\nexus\nexus\nexus\nexus\debug\nexus.tlog\link.write.1.tlog
h:\bit year 2 semester 2\c++\nexus\nexus\nexus\nexus\debug\nexus.tlog\metagen.read.1.tlog
h:\bit year 2 semester 2\c++\nexus\nexus\nexus\nexus\debug\nexus.tlog\metagen.write.1.tlog
h:\bit year 2 semester 2\c++\nexus\nexus\nexus\nexus\debug\nexus.tlog\nexus.write.1u.tlog
h:\bit year 2 semester 2\c++\nexus\nexus\nexus\nexus\debug\nexus.tlog\rc.command.1.tlog
h:\bit year 2 semester 2\c++\nexus\nexus\nexus\nexus\debug\nexus.tlog\rc.read.1.tlog
h:\bit year 2 semester 2\c++\nexus\nexus\nexus\nexus\debug\nexus.tlog\rc.write.1.tlog
h:\bit year 2 semester 2\c++\nexus\nexus\nexus\nexus\debug\nexus.tlog\rsaenh.dll.bi
h:\bit year 2 semester 2\c++\nexus\nexus\nexus\nexus\debug\nexus.tlog\tzres.dll.bi
